[2023-05-14T09:48:22.216+0000] {processor.py:156} INFO - Started process (PID=44) to work on /opt/airflow/dags/processSQL.py
[2023-05-14T09:48:22.219+0000] {processor.py:758} INFO - Processing file /opt/airflow/dags/processSQL.py for tasks to queue
[2023-05-14T09:48:22.221+0000] {logging_mixin.py:117} INFO - [2023-05-14T09:48:22.221+0000] {dagbag.py:525} INFO - Filling up the DagBag from /opt/airflow/dags/processSQL.py
[2023-05-14T09:48:22.400+0000] {processor.py:768} INFO - DAG(s) dict_keys(['postgresSQL']) retrieved from /opt/airflow/dags/processSQL.py
[2023-05-14T09:48:23.006+0000] {logging_mixin.py:117} INFO - [2023-05-14T09:48:23.005+0000] {dag.py:2573} INFO - Sync 1 DAGs
[2023-05-14T09:48:23.193+0000] {logging_mixin.py:117} INFO - [2023-05-14T09:48:23.193+0000] {dag.py:3328} INFO - Setting next_dagrun for postgresSQL to 2023-01-31T17:00:00+00:00, run_after=2023-01-31T17:00:00+00:00
[2023-05-14T09:48:23.473+0000] {processor.py:178} INFO - Processing /opt/airflow/dags/processSQL.py took 1.271 seconds
[2023-05-14T09:48:53.842+0000] {processor.py:156} INFO - Started process (PID=84) to work on /opt/airflow/dags/processSQL.py
[2023-05-14T09:48:53.845+0000] {processor.py:758} INFO - Processing file /opt/airflow/dags/processSQL.py for tasks to queue
[2023-05-14T09:48:53.848+0000] {logging_mixin.py:117} INFO - [2023-05-14T09:48:53.848+0000] {dagbag.py:525} INFO - Filling up the DagBag from /opt/airflow/dags/processSQL.py
[2023-05-14T09:48:53.995+0000] {processor.py:768} INFO - DAG(s) dict_keys(['postgresSQL']) retrieved from /opt/airflow/dags/processSQL.py
[2023-05-14T09:48:54.242+0000] {logging_mixin.py:117} INFO - [2023-05-14T09:48:54.241+0000] {dag.py:2573} INFO - Sync 1 DAGs
[2023-05-14T09:48:54.493+0000] {logging_mixin.py:117} INFO - [2023-05-14T09:48:54.493+0000] {dag.py:3328} INFO - Setting next_dagrun for postgresSQL to 2023-01-31T17:00:00+00:00, run_after=2023-01-31T17:00:00+00:00
[2023-05-14T09:48:54.603+0000] {processor.py:178} INFO - Processing /opt/airflow/dags/processSQL.py took 0.776 seconds
[2023-05-14T09:49:25.417+0000] {processor.py:156} INFO - Started process (PID=102) to work on /opt/airflow/dags/processSQL.py
[2023-05-14T09:49:25.425+0000] {processor.py:758} INFO - Processing file /opt/airflow/dags/processSQL.py for tasks to queue
[2023-05-14T09:49:25.445+0000] {logging_mixin.py:117} INFO - [2023-05-14T09:49:25.444+0000] {dagbag.py:525} INFO - Filling up the DagBag from /opt/airflow/dags/processSQL.py
[2023-05-14T09:49:25.898+0000] {processor.py:768} INFO - DAG(s) dict_keys(['postgresSQL']) retrieved from /opt/airflow/dags/processSQL.py
[2023-05-14T09:49:26.382+0000] {logging_mixin.py:117} INFO - [2023-05-14T09:49:26.382+0000] {dag.py:2573} INFO - Sync 1 DAGs
[2023-05-14T09:49:26.826+0000] {logging_mixin.py:117} INFO - [2023-05-14T09:49:26.825+0000] {dag.py:3328} INFO - Setting next_dagrun for postgresSQL to 2023-01-31T17:00:00+00:00, run_after=2023-01-31T17:00:00+00:00
[2023-05-14T09:49:27.012+0000] {processor.py:178} INFO - Processing /opt/airflow/dags/processSQL.py took 1.630 seconds
[2023-05-14T09:49:57.834+0000] {processor.py:156} INFO - Started process (PID=118) to work on /opt/airflow/dags/processSQL.py
[2023-05-14T09:49:57.845+0000] {processor.py:758} INFO - Processing file /opt/airflow/dags/processSQL.py for tasks to queue
[2023-05-14T09:49:57.868+0000] {logging_mixin.py:117} INFO - [2023-05-14T09:49:57.847+0000] {dagbag.py:525} INFO - Filling up the DagBag from /opt/airflow/dags/processSQL.py
[2023-05-14T09:49:58.338+0000] {processor.py:768} INFO - DAG(s) dict_keys(['postgresSQL']) retrieved from /opt/airflow/dags/processSQL.py
[2023-05-14T09:49:58.793+0000] {logging_mixin.py:117} INFO - [2023-05-14T09:49:58.793+0000] {dag.py:2573} INFO - Sync 1 DAGs
[2023-05-14T09:49:59.082+0000] {logging_mixin.py:117} INFO - [2023-05-14T09:49:59.081+0000] {dag.py:3328} INFO - Setting next_dagrun for postgresSQL to 2023-01-31T17:00:00+00:00, run_after=2023-01-31T17:00:00+00:00
[2023-05-14T09:49:59.218+0000] {processor.py:178} INFO - Processing /opt/airflow/dags/processSQL.py took 1.431 seconds
[2023-05-14T11:28:50.650+0000] {processor.py:156} INFO - Started process (PID=32) to work on /opt/airflow/dags/processSQL.py
[2023-05-14T11:28:50.653+0000] {processor.py:758} INFO - Processing file /opt/airflow/dags/processSQL.py for tasks to queue
[2023-05-14T11:28:50.657+0000] {logging_mixin.py:117} INFO - [2023-05-14T11:28:50.656+0000] {dagbag.py:525} INFO - Filling up the DagBag from /opt/airflow/dags/processSQL.py
[2023-05-14T11:28:50.809+0000] {processor.py:768} INFO - DAG(s) dict_keys(['postgresSQL']) retrieved from /opt/airflow/dags/processSQL.py
[2023-05-14T11:28:51.412+0000] {logging_mixin.py:117} INFO - [2023-05-14T11:28:51.412+0000] {dag.py:2573} INFO - Sync 1 DAGs
[2023-05-14T11:28:51.892+0000] {logging_mixin.py:117} INFO - [2023-05-14T11:28:51.891+0000] {dag.py:3328} INFO - Setting next_dagrun for postgresSQL to 2023-01-31T17:00:00+00:00, run_after=2023-01-31T17:00:00+00:00
[2023-05-14T11:28:52.062+0000] {processor.py:178} INFO - Processing /opt/airflow/dags/processSQL.py took 1.426 seconds
[2023-05-14T11:29:22.427+0000] {processor.py:156} INFO - Started process (PID=56) to work on /opt/airflow/dags/processSQL.py
[2023-05-14T11:29:22.430+0000] {processor.py:758} INFO - Processing file /opt/airflow/dags/processSQL.py for tasks to queue
[2023-05-14T11:29:22.431+0000] {logging_mixin.py:117} INFO - [2023-05-14T11:29:22.431+0000] {dagbag.py:525} INFO - Filling up the DagBag from /opt/airflow/dags/processSQL.py
[2023-05-14T11:29:22.521+0000] {processor.py:768} INFO - DAG(s) dict_keys(['postgresSQL']) retrieved from /opt/airflow/dags/processSQL.py
[2023-05-14T11:29:22.654+0000] {logging_mixin.py:117} INFO - [2023-05-14T11:29:22.654+0000] {dag.py:2573} INFO - Sync 1 DAGs
[2023-05-14T11:29:22.744+0000] {logging_mixin.py:117} INFO - [2023-05-14T11:29:22.743+0000] {dag.py:3328} INFO - Setting next_dagrun for postgresSQL to 2023-01-31T17:00:00+00:00, run_after=2023-01-31T17:00:00+00:00
[2023-05-14T11:29:22.803+0000] {processor.py:178} INFO - Processing /opt/airflow/dags/processSQL.py took 0.393 seconds
[2023-05-14T11:29:53.036+0000] {processor.py:156} INFO - Started process (PID=80) to work on /opt/airflow/dags/processSQL.py
[2023-05-14T11:29:53.038+0000] {processor.py:758} INFO - Processing file /opt/airflow/dags/processSQL.py for tasks to queue
[2023-05-14T11:29:53.040+0000] {logging_mixin.py:117} INFO - [2023-05-14T11:29:53.039+0000] {dagbag.py:525} INFO - Filling up the DagBag from /opt/airflow/dags/processSQL.py
[2023-05-14T11:29:53.129+0000] {processor.py:768} INFO - DAG(s) dict_keys(['postgresSQL']) retrieved from /opt/airflow/dags/processSQL.py
[2023-05-14T11:29:53.260+0000] {logging_mixin.py:117} INFO - [2023-05-14T11:29:53.260+0000] {dag.py:2573} INFO - Sync 1 DAGs
[2023-05-14T11:29:53.352+0000] {logging_mixin.py:117} INFO - [2023-05-14T11:29:53.351+0000] {dag.py:3328} INFO - Setting next_dagrun for postgresSQL to 2023-01-31T17:00:00+00:00, run_after=2023-01-31T17:00:00+00:00
[2023-05-14T11:29:53.430+0000] {processor.py:178} INFO - Processing /opt/airflow/dags/processSQL.py took 0.405 seconds
[2023-05-14T11:30:24.168+0000] {processor.py:156} INFO - Started process (PID=111) to work on /opt/airflow/dags/processSQL.py
[2023-05-14T11:30:24.175+0000] {processor.py:758} INFO - Processing file /opt/airflow/dags/processSQL.py for tasks to queue
[2023-05-14T11:30:24.177+0000] {logging_mixin.py:117} INFO - [2023-05-14T11:30:24.177+0000] {dagbag.py:525} INFO - Filling up the DagBag from /opt/airflow/dags/processSQL.py
[2023-05-14T11:30:24.276+0000] {processor.py:768} INFO - DAG(s) dict_keys(['postgresSQL']) retrieved from /opt/airflow/dags/processSQL.py
[2023-05-14T11:30:24.421+0000] {logging_mixin.py:117} INFO - [2023-05-14T11:30:24.421+0000] {dag.py:2573} INFO - Sync 1 DAGs
[2023-05-14T11:30:24.635+0000] {logging_mixin.py:117} INFO - [2023-05-14T11:30:24.634+0000] {dag.py:3328} INFO - Setting next_dagrun for postgresSQL to 2023-01-31T17:00:00+00:00, run_after=2023-01-31T17:00:00+00:00
[2023-05-14T11:30:24.742+0000] {processor.py:178} INFO - Processing /opt/airflow/dags/processSQL.py took 0.584 seconds
[2023-05-14T11:30:55.135+0000] {processor.py:156} INFO - Started process (PID=134) to work on /opt/airflow/dags/processSQL.py
[2023-05-14T11:30:55.137+0000] {processor.py:758} INFO - Processing file /opt/airflow/dags/processSQL.py for tasks to queue
[2023-05-14T11:30:55.139+0000] {logging_mixin.py:117} INFO - [2023-05-14T11:30:55.138+0000] {dagbag.py:525} INFO - Filling up the DagBag from /opt/airflow/dags/processSQL.py
[2023-05-14T11:30:55.234+0000] {processor.py:768} INFO - DAG(s) dict_keys(['postgresSQL']) retrieved from /opt/airflow/dags/processSQL.py
[2023-05-14T11:30:55.361+0000] {logging_mixin.py:117} INFO - [2023-05-14T11:30:55.360+0000] {dag.py:2573} INFO - Sync 1 DAGs
[2023-05-14T11:30:55.453+0000] {logging_mixin.py:117} INFO - [2023-05-14T11:30:55.452+0000] {dag.py:3328} INFO - Setting next_dagrun for postgresSQL to 2023-01-31T17:00:00+00:00, run_after=2023-01-31T17:00:00+00:00
[2023-05-14T11:30:55.518+0000] {processor.py:178} INFO - Processing /opt/airflow/dags/processSQL.py took 0.392 seconds
[2023-05-14T11:31:25.976+0000] {processor.py:156} INFO - Started process (PID=157) to work on /opt/airflow/dags/processSQL.py
[2023-05-14T11:31:25.979+0000] {processor.py:758} INFO - Processing file /opt/airflow/dags/processSQL.py for tasks to queue
[2023-05-14T11:31:25.980+0000] {logging_mixin.py:117} INFO - [2023-05-14T11:31:25.980+0000] {dagbag.py:525} INFO - Filling up the DagBag from /opt/airflow/dags/processSQL.py
[2023-05-14T11:31:26.094+0000] {processor.py:768} INFO - DAG(s) dict_keys(['postgresSQL']) retrieved from /opt/airflow/dags/processSQL.py
[2023-05-14T11:31:26.242+0000] {logging_mixin.py:117} INFO - [2023-05-14T11:31:26.241+0000] {dag.py:2573} INFO - Sync 1 DAGs
[2023-05-14T11:31:26.341+0000] {logging_mixin.py:117} INFO - [2023-05-14T11:31:26.340+0000] {dag.py:3328} INFO - Setting next_dagrun for postgresSQL to 2023-01-31T17:00:00+00:00, run_after=2023-01-31T17:00:00+00:00
[2023-05-14T11:31:26.414+0000] {processor.py:178} INFO - Processing /opt/airflow/dags/processSQL.py took 0.447 seconds
[2023-05-14T11:31:56.598+0000] {processor.py:156} INFO - Started process (PID=179) to work on /opt/airflow/dags/processSQL.py
[2023-05-14T11:31:56.609+0000] {processor.py:758} INFO - Processing file /opt/airflow/dags/processSQL.py for tasks to queue
[2023-05-14T11:31:56.611+0000] {logging_mixin.py:117} INFO - [2023-05-14T11:31:56.610+0000] {dagbag.py:525} INFO - Filling up the DagBag from /opt/airflow/dags/processSQL.py
[2023-05-14T11:31:56.716+0000] {processor.py:768} INFO - DAG(s) dict_keys(['postgresSQL']) retrieved from /opt/airflow/dags/processSQL.py
[2023-05-14T11:31:56.854+0000] {logging_mixin.py:117} INFO - [2023-05-14T11:31:56.853+0000] {dag.py:2573} INFO - Sync 1 DAGs
[2023-05-14T11:31:56.965+0000] {logging_mixin.py:117} INFO - [2023-05-14T11:31:56.964+0000] {dag.py:3328} INFO - Setting next_dagrun for postgresSQL to 2023-01-31T17:00:00+00:00, run_after=2023-01-31T17:00:00+00:00
[2023-05-14T11:31:57.046+0000] {processor.py:178} INFO - Processing /opt/airflow/dags/processSQL.py took 0.459 seconds
[2023-05-14T11:32:27.264+0000] {processor.py:156} INFO - Started process (PID=211) to work on /opt/airflow/dags/processSQL.py
[2023-05-14T11:32:27.267+0000] {processor.py:758} INFO - Processing file /opt/airflow/dags/processSQL.py for tasks to queue
[2023-05-14T11:32:27.270+0000] {logging_mixin.py:117} INFO - [2023-05-14T11:32:27.270+0000] {dagbag.py:525} INFO - Filling up the DagBag from /opt/airflow/dags/processSQL.py
[2023-05-14T11:32:27.449+0000] {processor.py:768} INFO - DAG(s) dict_keys(['postgresSQL']) retrieved from /opt/airflow/dags/processSQL.py
[2023-05-14T11:32:27.625+0000] {logging_mixin.py:117} INFO - [2023-05-14T11:32:27.625+0000] {dag.py:2573} INFO - Sync 1 DAGs
[2023-05-14T11:32:27.810+0000] {logging_mixin.py:117} INFO - [2023-05-14T11:32:27.809+0000] {dag.py:3328} INFO - Setting next_dagrun for postgresSQL to 2023-01-31T17:00:00+00:00, run_after=2023-01-31T17:00:00+00:00
[2023-05-14T11:32:27.915+0000] {processor.py:178} INFO - Processing /opt/airflow/dags/processSQL.py took 0.666 seconds
[2023-05-14T11:32:58.081+0000] {processor.py:156} INFO - Started process (PID=234) to work on /opt/airflow/dags/processSQL.py
[2023-05-14T11:32:58.091+0000] {processor.py:758} INFO - Processing file /opt/airflow/dags/processSQL.py for tasks to queue
[2023-05-14T11:32:58.093+0000] {logging_mixin.py:117} INFO - [2023-05-14T11:32:58.092+0000] {dagbag.py:525} INFO - Filling up the DagBag from /opt/airflow/dags/processSQL.py
[2023-05-14T11:32:58.200+0000] {processor.py:768} INFO - DAG(s) dict_keys(['postgresSQL']) retrieved from /opt/airflow/dags/processSQL.py
[2023-05-14T11:32:58.365+0000] {logging_mixin.py:117} INFO - [2023-05-14T11:32:58.365+0000] {dag.py:2573} INFO - Sync 1 DAGs
[2023-05-14T11:32:58.458+0000] {logging_mixin.py:117} INFO - [2023-05-14T11:32:58.457+0000] {dag.py:3328} INFO - Setting next_dagrun for postgresSQL to 2023-01-31T17:00:00+00:00, run_after=2023-01-31T17:00:00+00:00
[2023-05-14T11:32:58.521+0000] {processor.py:178} INFO - Processing /opt/airflow/dags/processSQL.py took 0.449 seconds
[2023-05-14T11:33:28.725+0000] {processor.py:156} INFO - Started process (PID=258) to work on /opt/airflow/dags/processSQL.py
[2023-05-14T11:33:28.735+0000] {processor.py:758} INFO - Processing file /opt/airflow/dags/processSQL.py for tasks to queue
[2023-05-14T11:33:28.737+0000] {logging_mixin.py:117} INFO - [2023-05-14T11:33:28.737+0000] {dagbag.py:525} INFO - Filling up the DagBag from /opt/airflow/dags/processSQL.py
[2023-05-14T11:33:28.831+0000] {processor.py:768} INFO - DAG(s) dict_keys(['postgresSQL']) retrieved from /opt/airflow/dags/processSQL.py
[2023-05-14T11:33:28.958+0000] {logging_mixin.py:117} INFO - [2023-05-14T11:33:28.958+0000] {dag.py:2573} INFO - Sync 1 DAGs
[2023-05-14T11:33:29.051+0000] {logging_mixin.py:117} INFO - [2023-05-14T11:33:29.051+0000] {dag.py:3328} INFO - Setting next_dagrun for postgresSQL to 2023-01-31T17:00:00+00:00, run_after=2023-01-31T17:00:00+00:00
[2023-05-14T11:33:29.127+0000] {processor.py:178} INFO - Processing /opt/airflow/dags/processSQL.py took 0.412 seconds
[2023-05-14T11:33:59.255+0000] {processor.py:156} INFO - Started process (PID=283) to work on /opt/airflow/dags/processSQL.py
[2023-05-14T11:33:59.266+0000] {processor.py:758} INFO - Processing file /opt/airflow/dags/processSQL.py for tasks to queue
[2023-05-14T11:33:59.268+0000] {logging_mixin.py:117} INFO - [2023-05-14T11:33:59.268+0000] {dagbag.py:525} INFO - Filling up the DagBag from /opt/airflow/dags/processSQL.py
[2023-05-14T11:33:59.379+0000] {processor.py:768} INFO - DAG(s) dict_keys(['postgresSQL']) retrieved from /opt/airflow/dags/processSQL.py
[2023-05-14T11:33:59.542+0000] {logging_mixin.py:117} INFO - [2023-05-14T11:33:59.541+0000] {dag.py:2573} INFO - Sync 1 DAGs
[2023-05-14T11:33:59.649+0000] {logging_mixin.py:117} INFO - [2023-05-14T11:33:59.648+0000] {dag.py:3328} INFO - Setting next_dagrun for postgresSQL to 2023-01-31T17:00:00+00:00, run_after=2023-01-31T17:00:00+00:00
[2023-05-14T11:33:59.718+0000] {processor.py:178} INFO - Processing /opt/airflow/dags/processSQL.py took 0.473 seconds
[2023-05-14T11:34:30.307+0000] {processor.py:156} INFO - Started process (PID=306) to work on /opt/airflow/dags/processSQL.py
[2023-05-14T11:34:30.310+0000] {processor.py:758} INFO - Processing file /opt/airflow/dags/processSQL.py for tasks to queue
[2023-05-14T11:34:30.312+0000] {logging_mixin.py:117} INFO - [2023-05-14T11:34:30.312+0000] {dagbag.py:525} INFO - Filling up the DagBag from /opt/airflow/dags/processSQL.py
[2023-05-14T11:34:30.462+0000] {processor.py:768} INFO - DAG(s) dict_keys(['postgresSQL']) retrieved from /opt/airflow/dags/processSQL.py
[2023-05-14T11:34:30.652+0000] {logging_mixin.py:117} INFO - [2023-05-14T11:34:30.651+0000] {dag.py:2573} INFO - Sync 1 DAGs
[2023-05-14T11:34:30.781+0000] {logging_mixin.py:117} INFO - [2023-05-14T11:34:30.780+0000] {dag.py:3328} INFO - Setting next_dagrun for postgresSQL to 2023-01-31T17:00:00+00:00, run_after=2023-01-31T17:00:00+00:00
[2023-05-14T11:34:30.841+0000] {processor.py:178} INFO - Processing /opt/airflow/dags/processSQL.py took 0.547 seconds
[2023-05-14T11:35:01.245+0000] {processor.py:156} INFO - Started process (PID=338) to work on /opt/airflow/dags/processSQL.py
[2023-05-14T11:35:01.249+0000] {processor.py:758} INFO - Processing file /opt/airflow/dags/processSQL.py for tasks to queue
[2023-05-14T11:35:01.252+0000] {logging_mixin.py:117} INFO - [2023-05-14T11:35:01.251+0000] {dagbag.py:525} INFO - Filling up the DagBag from /opt/airflow/dags/processSQL.py
[2023-05-14T11:35:01.406+0000] {processor.py:768} INFO - DAG(s) dict_keys(['postgresSQL']) retrieved from /opt/airflow/dags/processSQL.py
[2023-05-14T11:35:01.602+0000] {logging_mixin.py:117} INFO - [2023-05-14T11:35:01.601+0000] {dag.py:2573} INFO - Sync 1 DAGs
[2023-05-14T11:35:01.728+0000] {logging_mixin.py:117} INFO - [2023-05-14T11:35:01.727+0000] {dag.py:3328} INFO - Setting next_dagrun for postgresSQL to 2023-01-31T17:00:00+00:00, run_after=2023-01-31T17:00:00+00:00
[2023-05-14T11:35:01.813+0000] {processor.py:178} INFO - Processing /opt/airflow/dags/processSQL.py took 0.580 seconds
[2023-05-14T11:35:32.261+0000] {processor.py:156} INFO - Started process (PID=361) to work on /opt/airflow/dags/processSQL.py
[2023-05-14T11:35:32.263+0000] {processor.py:758} INFO - Processing file /opt/airflow/dags/processSQL.py for tasks to queue
[2023-05-14T11:35:32.265+0000] {logging_mixin.py:117} INFO - [2023-05-14T11:35:32.265+0000] {dagbag.py:525} INFO - Filling up the DagBag from /opt/airflow/dags/processSQL.py
[2023-05-14T11:35:32.356+0000] {processor.py:768} INFO - DAG(s) dict_keys(['postgresSQL']) retrieved from /opt/airflow/dags/processSQL.py
[2023-05-14T11:35:32.458+0000] {logging_mixin.py:117} INFO - [2023-05-14T11:35:32.458+0000] {dag.py:2573} INFO - Sync 1 DAGs
[2023-05-14T11:35:32.527+0000] {logging_mixin.py:117} INFO - [2023-05-14T11:35:32.527+0000] {dag.py:3328} INFO - Setting next_dagrun for postgresSQL to 2023-01-31T17:00:00+00:00, run_after=2023-01-31T17:00:00+00:00
[2023-05-14T11:35:32.581+0000] {processor.py:178} INFO - Processing /opt/airflow/dags/processSQL.py took 0.330 seconds
[2023-05-14T11:36:03.142+0000] {processor.py:156} INFO - Started process (PID=385) to work on /opt/airflow/dags/processSQL.py
[2023-05-14T11:36:03.153+0000] {processor.py:758} INFO - Processing file /opt/airflow/dags/processSQL.py for tasks to queue
[2023-05-14T11:36:03.154+0000] {logging_mixin.py:117} INFO - [2023-05-14T11:36:03.154+0000] {dagbag.py:525} INFO - Filling up the DagBag from /opt/airflow/dags/processSQL.py
[2023-05-14T11:36:03.246+0000] {processor.py:768} INFO - DAG(s) dict_keys(['postgresSQL']) retrieved from /opt/airflow/dags/processSQL.py
[2023-05-14T11:36:03.370+0000] {logging_mixin.py:117} INFO - [2023-05-14T11:36:03.370+0000] {dag.py:2573} INFO - Sync 1 DAGs
[2023-05-14T11:36:03.461+0000] {logging_mixin.py:117} INFO - [2023-05-14T11:36:03.460+0000] {dag.py:3328} INFO - Setting next_dagrun for postgresSQL to 2023-01-31T17:00:00+00:00, run_after=2023-01-31T17:00:00+00:00
[2023-05-14T11:36:03.528+0000] {processor.py:178} INFO - Processing /opt/airflow/dags/processSQL.py took 0.396 seconds
[2023-05-14T11:36:33.764+0000] {processor.py:156} INFO - Started process (PID=408) to work on /opt/airflow/dags/processSQL.py
[2023-05-14T11:36:33.774+0000] {processor.py:758} INFO - Processing file /opt/airflow/dags/processSQL.py for tasks to queue
[2023-05-14T11:36:33.776+0000] {logging_mixin.py:117} INFO - [2023-05-14T11:36:33.776+0000] {dagbag.py:525} INFO - Filling up the DagBag from /opt/airflow/dags/processSQL.py
[2023-05-14T11:36:33.867+0000] {processor.py:768} INFO - DAG(s) dict_keys(['postgresSQL']) retrieved from /opt/airflow/dags/processSQL.py
[2023-05-14T11:36:33.989+0000] {logging_mixin.py:117} INFO - [2023-05-14T11:36:33.988+0000] {dag.py:2573} INFO - Sync 1 DAGs
[2023-05-14T11:36:34.078+0000] {logging_mixin.py:117} INFO - [2023-05-14T11:36:34.077+0000] {dag.py:3328} INFO - Setting next_dagrun for postgresSQL to 2023-01-31T17:00:00+00:00, run_after=2023-01-31T17:00:00+00:00
[2023-05-14T11:36:34.136+0000] {processor.py:178} INFO - Processing /opt/airflow/dags/processSQL.py took 0.381 seconds
[2023-05-14T11:37:04.496+0000] {processor.py:156} INFO - Started process (PID=433) to work on /opt/airflow/dags/processSQL.py
[2023-05-14T11:37:04.506+0000] {processor.py:758} INFO - Processing file /opt/airflow/dags/processSQL.py for tasks to queue
[2023-05-14T11:37:04.508+0000] {logging_mixin.py:117} INFO - [2023-05-14T11:37:04.508+0000] {dagbag.py:525} INFO - Filling up the DagBag from /opt/airflow/dags/processSQL.py
[2023-05-14T11:37:04.607+0000] {processor.py:768} INFO - DAG(s) dict_keys(['postgresSQL']) retrieved from /opt/airflow/dags/processSQL.py
[2023-05-14T11:37:04.807+0000] {logging_mixin.py:117} INFO - [2023-05-14T11:37:04.806+0000] {dag.py:2573} INFO - Sync 1 DAGs
[2023-05-14T11:37:04.960+0000] {logging_mixin.py:117} INFO - [2023-05-14T11:37:04.959+0000] {dag.py:3328} INFO - Setting next_dagrun for postgresSQL to 2023-01-31T17:00:00+00:00, run_after=2023-01-31T17:00:00+00:00
[2023-05-14T11:37:05.062+0000] {processor.py:178} INFO - Processing /opt/airflow/dags/processSQL.py took 0.576 seconds
[2023-05-14T11:37:35.476+0000] {processor.py:156} INFO - Started process (PID=466) to work on /opt/airflow/dags/processSQL.py
[2023-05-14T11:37:35.487+0000] {processor.py:758} INFO - Processing file /opt/airflow/dags/processSQL.py for tasks to queue
[2023-05-14T11:37:35.488+0000] {logging_mixin.py:117} INFO - [2023-05-14T11:37:35.488+0000] {dagbag.py:525} INFO - Filling up the DagBag from /opt/airflow/dags/processSQL.py
[2023-05-14T11:37:35.580+0000] {processor.py:768} INFO - DAG(s) dict_keys(['postgresSQL']) retrieved from /opt/airflow/dags/processSQL.py
[2023-05-14T11:37:35.725+0000] {logging_mixin.py:117} INFO - [2023-05-14T11:37:35.724+0000] {dag.py:2573} INFO - Sync 1 DAGs
[2023-05-14T11:37:35.826+0000] {logging_mixin.py:117} INFO - [2023-05-14T11:37:35.825+0000] {dag.py:3328} INFO - Setting next_dagrun for postgresSQL to 2023-01-31T17:00:00+00:00, run_after=2023-01-31T17:00:00+00:00
[2023-05-14T11:37:35.918+0000] {processor.py:178} INFO - Processing /opt/airflow/dags/processSQL.py took 0.451 seconds
[2023-05-14T11:38:06.353+0000] {processor.py:156} INFO - Started process (PID=490) to work on /opt/airflow/dags/processSQL.py
[2023-05-14T11:38:06.355+0000] {processor.py:758} INFO - Processing file /opt/airflow/dags/processSQL.py for tasks to queue
[2023-05-14T11:38:06.357+0000] {logging_mixin.py:117} INFO - [2023-05-14T11:38:06.357+0000] {dagbag.py:525} INFO - Filling up the DagBag from /opt/airflow/dags/processSQL.py
[2023-05-14T11:38:06.498+0000] {processor.py:768} INFO - DAG(s) dict_keys(['postgresSQL']) retrieved from /opt/airflow/dags/processSQL.py
[2023-05-14T11:38:06.643+0000] {logging_mixin.py:117} INFO - [2023-05-14T11:38:06.643+0000] {dag.py:2573} INFO - Sync 1 DAGs
[2023-05-14T11:38:06.737+0000] {logging_mixin.py:117} INFO - [2023-05-14T11:38:06.737+0000] {dag.py:3328} INFO - Setting next_dagrun for postgresSQL to 2023-01-31T17:00:00+00:00, run_after=2023-01-31T17:00:00+00:00
[2023-05-14T11:38:06.817+0000] {processor.py:178} INFO - Processing /opt/airflow/dags/processSQL.py took 0.477 seconds
[2023-05-14T11:38:37.223+0000] {processor.py:156} INFO - Started process (PID=513) to work on /opt/airflow/dags/processSQL.py
[2023-05-14T11:38:37.234+0000] {processor.py:758} INFO - Processing file /opt/airflow/dags/processSQL.py for tasks to queue
[2023-05-14T11:38:37.236+0000] {logging_mixin.py:117} INFO - [2023-05-14T11:38:37.236+0000] {dagbag.py:525} INFO - Filling up the DagBag from /opt/airflow/dags/processSQL.py
[2023-05-14T11:38:37.365+0000] {processor.py:768} INFO - DAG(s) dict_keys(['postgresSQL']) retrieved from /opt/airflow/dags/processSQL.py
[2023-05-14T11:38:37.511+0000] {logging_mixin.py:117} INFO - [2023-05-14T11:38:37.510+0000] {dag.py:2573} INFO - Sync 1 DAGs
[2023-05-14T11:38:37.628+0000] {logging_mixin.py:117} INFO - [2023-05-14T11:38:37.627+0000] {dag.py:3328} INFO - Setting next_dagrun for postgresSQL to 2023-01-31T17:00:00+00:00, run_after=2023-01-31T17:00:00+00:00
[2023-05-14T11:38:37.697+0000] {processor.py:178} INFO - Processing /opt/airflow/dags/processSQL.py took 0.487 seconds
[2023-05-14T11:39:07.796+0000] {processor.py:156} INFO - Started process (PID=545) to work on /opt/airflow/dags/processSQL.py
[2023-05-14T11:39:07.807+0000] {processor.py:758} INFO - Processing file /opt/airflow/dags/processSQL.py for tasks to queue
[2023-05-14T11:39:07.808+0000] {logging_mixin.py:117} INFO - [2023-05-14T11:39:07.808+0000] {dagbag.py:525} INFO - Filling up the DagBag from /opt/airflow/dags/processSQL.py
[2023-05-14T11:39:07.899+0000] {processor.py:768} INFO - DAG(s) dict_keys(['postgresSQL']) retrieved from /opt/airflow/dags/processSQL.py
[2023-05-14T11:39:08.034+0000] {logging_mixin.py:117} INFO - [2023-05-14T11:39:08.033+0000] {dag.py:2573} INFO - Sync 1 DAGs
[2023-05-14T11:39:08.156+0000] {logging_mixin.py:117} INFO - [2023-05-14T11:39:08.155+0000] {dag.py:3328} INFO - Setting next_dagrun for postgresSQL to 2023-01-31T17:00:00+00:00, run_after=2023-01-31T17:00:00+00:00
[2023-05-14T11:39:08.217+0000] {processor.py:178} INFO - Processing /opt/airflow/dags/processSQL.py took 0.430 seconds
[2023-05-14T11:39:38.629+0000] {processor.py:156} INFO - Started process (PID=578) to work on /opt/airflow/dags/processSQL.py
[2023-05-14T11:39:38.639+0000] {processor.py:758} INFO - Processing file /opt/airflow/dags/processSQL.py for tasks to queue
[2023-05-14T11:39:38.641+0000] {logging_mixin.py:117} INFO - [2023-05-14T11:39:38.640+0000] {dagbag.py:525} INFO - Filling up the DagBag from /opt/airflow/dags/processSQL.py
[2023-05-14T11:39:38.731+0000] {processor.py:768} INFO - DAG(s) dict_keys(['postgresSQL']) retrieved from /opt/airflow/dags/processSQL.py
[2023-05-14T11:39:38.880+0000] {logging_mixin.py:117} INFO - [2023-05-14T11:39:38.879+0000] {dag.py:2573} INFO - Sync 1 DAGs
[2023-05-14T11:39:39.019+0000] {logging_mixin.py:117} INFO - [2023-05-14T11:39:39.019+0000] {dag.py:3328} INFO - Setting next_dagrun for postgresSQL to 2023-01-31T17:00:00+00:00, run_after=2023-01-31T17:00:00+00:00
[2023-05-14T11:39:39.099+0000] {processor.py:178} INFO - Processing /opt/airflow/dags/processSQL.py took 0.480 seconds
[2023-05-14T11:40:09.779+0000] {processor.py:156} INFO - Started process (PID=601) to work on /opt/airflow/dags/processSQL.py
[2023-05-14T11:40:09.790+0000] {processor.py:758} INFO - Processing file /opt/airflow/dags/processSQL.py for tasks to queue
[2023-05-14T11:40:09.792+0000] {logging_mixin.py:117} INFO - [2023-05-14T11:40:09.792+0000] {dagbag.py:525} INFO - Filling up the DagBag from /opt/airflow/dags/processSQL.py
[2023-05-14T11:40:09.907+0000] {processor.py:768} INFO - DAG(s) dict_keys(['postgresSQL']) retrieved from /opt/airflow/dags/processSQL.py
[2023-05-14T11:40:10.061+0000] {logging_mixin.py:117} INFO - [2023-05-14T11:40:10.061+0000] {dag.py:2573} INFO - Sync 1 DAGs
[2023-05-14T11:40:10.148+0000] {logging_mixin.py:117} INFO - [2023-05-14T11:40:10.147+0000] {dag.py:3328} INFO - Setting next_dagrun for postgresSQL to 2023-01-31T17:00:00+00:00, run_after=2023-01-31T17:00:00+00:00
[2023-05-14T11:40:10.212+0000] {processor.py:178} INFO - Processing /opt/airflow/dags/processSQL.py took 0.444 seconds
[2023-05-14T11:40:40.621+0000] {processor.py:156} INFO - Started process (PID=626) to work on /opt/airflow/dags/processSQL.py
[2023-05-14T11:40:40.631+0000] {processor.py:758} INFO - Processing file /opt/airflow/dags/processSQL.py for tasks to queue
[2023-05-14T11:40:40.633+0000] {logging_mixin.py:117} INFO - [2023-05-14T11:40:40.633+0000] {dagbag.py:525} INFO - Filling up the DagBag from /opt/airflow/dags/processSQL.py
[2023-05-14T11:40:40.732+0000] {processor.py:768} INFO - DAG(s) dict_keys(['postgresSQL']) retrieved from /opt/airflow/dags/processSQL.py
[2023-05-14T11:40:40.864+0000] {logging_mixin.py:117} INFO - [2023-05-14T11:40:40.864+0000] {dag.py:2573} INFO - Sync 1 DAGs
[2023-05-14T11:40:40.957+0000] {logging_mixin.py:117} INFO - [2023-05-14T11:40:40.956+0000] {dag.py:3328} INFO - Setting next_dagrun for postgresSQL to 2023-01-31T17:00:00+00:00, run_after=2023-01-31T17:00:00+00:00
[2023-05-14T11:40:41.014+0000] {processor.py:178} INFO - Processing /opt/airflow/dags/processSQL.py took 0.403 seconds
[2023-05-14T11:41:11.175+0000] {processor.py:156} INFO - Started process (PID=648) to work on /opt/airflow/dags/processSQL.py
[2023-05-14T11:41:11.186+0000] {processor.py:758} INFO - Processing file /opt/airflow/dags/processSQL.py for tasks to queue
[2023-05-14T11:41:11.187+0000] {logging_mixin.py:117} INFO - [2023-05-14T11:41:11.187+0000] {dagbag.py:525} INFO - Filling up the DagBag from /opt/airflow/dags/processSQL.py
[2023-05-14T11:41:11.280+0000] {processor.py:768} INFO - DAG(s) dict_keys(['postgresSQL']) retrieved from /opt/airflow/dags/processSQL.py
[2023-05-14T11:41:11.424+0000] {logging_mixin.py:117} INFO - [2023-05-14T11:41:11.424+0000] {dag.py:2573} INFO - Sync 1 DAGs
[2023-05-14T11:41:11.527+0000] {logging_mixin.py:117} INFO - [2023-05-14T11:41:11.526+0000] {dag.py:3328} INFO - Setting next_dagrun for postgresSQL to 2023-01-31T17:00:00+00:00, run_after=2023-01-31T17:00:00+00:00
[2023-05-14T11:41:11.596+0000] {processor.py:178} INFO - Processing /opt/airflow/dags/processSQL.py took 0.432 seconds
[2023-05-14T11:41:41.873+0000] {processor.py:156} INFO - Started process (PID=671) to work on /opt/airflow/dags/processSQL.py
[2023-05-14T11:41:41.884+0000] {processor.py:758} INFO - Processing file /opt/airflow/dags/processSQL.py for tasks to queue
[2023-05-14T11:41:41.886+0000] {logging_mixin.py:117} INFO - [2023-05-14T11:41:41.886+0000] {dagbag.py:525} INFO - Filling up the DagBag from /opt/airflow/dags/processSQL.py
[2023-05-14T11:41:41.988+0000] {processor.py:768} INFO - DAG(s) dict_keys(['postgresSQL']) retrieved from /opt/airflow/dags/processSQL.py
[2023-05-14T11:41:42.121+0000] {logging_mixin.py:117} INFO - [2023-05-14T11:41:42.120+0000] {dag.py:2573} INFO - Sync 1 DAGs
[2023-05-14T11:41:42.225+0000] {logging_mixin.py:117} INFO - [2023-05-14T11:41:42.225+0000] {dag.py:3328} INFO - Setting next_dagrun for postgresSQL to 2023-01-31T17:00:00+00:00, run_after=2023-01-31T17:00:00+00:00
[2023-05-14T11:41:42.291+0000] {processor.py:178} INFO - Processing /opt/airflow/dags/processSQL.py took 0.428 seconds
[2023-05-14T11:42:12.657+0000] {processor.py:156} INFO - Started process (PID=704) to work on /opt/airflow/dags/processSQL.py
[2023-05-14T11:42:12.667+0000] {processor.py:758} INFO - Processing file /opt/airflow/dags/processSQL.py for tasks to queue
[2023-05-14T11:42:12.669+0000] {logging_mixin.py:117} INFO - [2023-05-14T11:42:12.668+0000] {dagbag.py:525} INFO - Filling up the DagBag from /opt/airflow/dags/processSQL.py
[2023-05-14T11:42:12.759+0000] {processor.py:768} INFO - DAG(s) dict_keys(['postgresSQL']) retrieved from /opt/airflow/dags/processSQL.py
[2023-05-14T11:42:12.881+0000] {logging_mixin.py:117} INFO - [2023-05-14T11:42:12.881+0000] {dag.py:2573} INFO - Sync 1 DAGs
[2023-05-14T11:42:12.978+0000] {logging_mixin.py:117} INFO - [2023-05-14T11:42:12.977+0000] {dag.py:3328} INFO - Setting next_dagrun for postgresSQL to 2023-01-31T17:00:00+00:00, run_after=2023-01-31T17:00:00+00:00
[2023-05-14T11:42:13.069+0000] {processor.py:178} INFO - Processing /opt/airflow/dags/processSQL.py took 0.422 seconds
[2023-05-14T13:51:13.322+0000] {processor.py:156} INFO - Started process (PID=43) to work on /opt/airflow/dags/processSQL.py
[2023-05-14T13:51:13.342+0000] {processor.py:758} INFO - Processing file /opt/airflow/dags/processSQL.py for tasks to queue
[2023-05-14T13:51:13.354+0000] {logging_mixin.py:117} INFO - [2023-05-14T13:51:13.353+0000] {dagbag.py:525} INFO - Filling up the DagBag from /opt/airflow/dags/processSQL.py
[2023-05-14T13:51:13.529+0000] {processor.py:768} INFO - DAG(s) dict_keys(['postgresSQL']) retrieved from /opt/airflow/dags/processSQL.py
[2023-05-14T13:51:14.068+0000] {logging_mixin.py:117} INFO - [2023-05-14T13:51:14.067+0000] {dag.py:2573} INFO - Sync 1 DAGs
[2023-05-14T13:51:14.560+0000] {logging_mixin.py:117} INFO - [2023-05-14T13:51:14.559+0000] {dag.py:3328} INFO - Setting next_dagrun for postgresSQL to 2023-01-31T17:00:00+00:00, run_after=2023-01-31T17:00:00+00:00
[2023-05-14T13:51:14.882+0000] {processor.py:806} ERROR - Error logging DAG warnings.
Traceback (most recent call last):
  File "/usr/local/lib/python3.7/site-packages/sqlalchemy/pool/base.py", line 936, in _checkout
    raise exc.InvalidatePoolError()
sqlalchemy.exc.InvalidatePoolError: ()

During handling of the above exception, another exception occurred:

Traceback (most recent call last):
  File "/usr/local/lib/python3.7/site-packages/sqlalchemy/engine/base.py", line 3361, in _wrap_pool_connect
    return fn()
  File "/usr/local/lib/python3.7/site-packages/sqlalchemy/pool/base.py", line 327, in connect
    return _ConnectionFairy._checkout(self)
  File "/usr/local/lib/python3.7/site-packages/sqlalchemy/pool/base.py", line 981, in _checkout
    del fairy
  File "/usr/local/lib/python3.7/site-packages/sqlalchemy/util/langhelpers.py", line 72, in __exit__
    with_traceback=exc_tb,
  File "/usr/local/lib/python3.7/site-packages/sqlalchemy/util/compat.py", line 211, in raise_
    raise exception
  File "/usr/local/lib/python3.7/site-packages/sqlalchemy/pool/base.py", line 967, in _checkout
    fairy._connection_record.get_connection()
  File "/usr/local/lib/python3.7/site-packages/sqlalchemy/pool/base.py", line 630, in get_connection
    self.__connect()
  File "/usr/local/lib/python3.7/site-packages/sqlalchemy/pool/base.py", line 691, in __connect
    pool.logger.debug("Error on connect(): %s", e)
  File "/usr/local/lib/python3.7/site-packages/sqlalchemy/util/langhelpers.py", line 72, in __exit__
    with_traceback=exc_tb,
  File "/usr/local/lib/python3.7/site-packages/sqlalchemy/util/compat.py", line 211, in raise_
    raise exception
  File "/usr/local/lib/python3.7/site-packages/sqlalchemy/pool/base.py", line 686, in __connect
    self.dbapi_connection = connection = pool._invoke_creator(self)
  File "/usr/local/lib/python3.7/site-packages/sqlalchemy/engine/create.py", line 574, in connect
    return dialect.connect(*cargs, **cparams)
  File "/usr/local/lib/python3.7/site-packages/sqlalchemy/engine/default.py", line 598, in connect
    return self.dbapi.connect(*cargs, **cparams)
  File "/usr/local/lib/python3.7/site-packages/psycopg2/__init__.py", line 122, in connect
    conn = _connect(dsn, connection_factory=connection_factory, **kwasync)
psycopg2.OperationalError: connection to server at "postgres" (172.27.0.3), port 5432 failed: Connection refused
	Is the server running on that host and accepting TCP/IP connections?


The above exception was the direct cause of the following exception:

Traceback (most recent call last):
  File "/usr/local/lib/python3.7/site-packages/airflow/dag_processing/processor.py", line 804, in process_file
    self.update_dag_warnings(session=session, dagbag=dagbag)
  File "/usr/local/lib/python3.7/site-packages/airflow/dag_processing/processor.py", line 617, in update_dag_warnings
    session.query(DagWarning).filter(DagWarning.dag_id.in_(dagbag.dags.keys())).all()
  File "/usr/local/lib/python3.7/site-packages/sqlalchemy/orm/query.py", line 2773, in all
    return self._iter().all()
  File "/usr/local/lib/python3.7/site-packages/sqlalchemy/orm/query.py", line 2919, in _iter
    execution_options={"_sa_orm_load_options": self.load_options},
  File "/usr/local/lib/python3.7/site-packages/sqlalchemy/orm/session.py", line 1713, in execute
    conn = self._connection_for_bind(bind)
  File "/usr/local/lib/python3.7/site-packages/sqlalchemy/orm/session.py", line 1553, in _connection_for_bind
    engine, execution_options
  File "/usr/local/lib/python3.7/site-packages/sqlalchemy/orm/session.py", line 747, in _connection_for_bind
    conn = bind.connect()
  File "/usr/local/lib/python3.7/site-packages/sqlalchemy/engine/base.py", line 3315, in connect
    return self._connection_cls(self, close_with_result=close_with_result)
  File "/usr/local/lib/python3.7/site-packages/sqlalchemy/engine/base.py", line 96, in __init__
    else engine.raw_connection()
  File "/usr/local/lib/python3.7/site-packages/sqlalchemy/engine/base.py", line 3394, in raw_connection
    return self._wrap_pool_connect(self.pool.connect, _connection)
  File "/usr/local/lib/python3.7/site-packages/sqlalchemy/engine/base.py", line 3365, in _wrap_pool_connect
    e, dialect, self
  File "/usr/local/lib/python3.7/site-packages/sqlalchemy/engine/base.py", line 2199, in _handle_dbapi_exception_noconnection
    sqlalchemy_exception, with_traceback=exc_info[2], from_=e
  File "/usr/local/lib/python3.7/site-packages/sqlalchemy/util/compat.py", line 211, in raise_
    raise exception
  File "/usr/local/lib/python3.7/site-packages/sqlalchemy/engine/base.py", line 3361, in _wrap_pool_connect
    return fn()
  File "/usr/local/lib/python3.7/site-packages/sqlalchemy/pool/base.py", line 327, in connect
    return _ConnectionFairy._checkout(self)
  File "/usr/local/lib/python3.7/site-packages/sqlalchemy/pool/base.py", line 981, in _checkout
    del fairy
  File "/usr/local/lib/python3.7/site-packages/sqlalchemy/util/langhelpers.py", line 72, in __exit__
    with_traceback=exc_tb,
  File "/usr/local/lib/python3.7/site-packages/sqlalchemy/util/compat.py", line 211, in raise_
    raise exception
  File "/usr/local/lib/python3.7/site-packages/sqlalchemy/pool/base.py", line 967, in _checkout
    fairy._connection_record.get_connection()
  File "/usr/local/lib/python3.7/site-packages/sqlalchemy/pool/base.py", line 630, in get_connection
    self.__connect()
  File "/usr/local/lib/python3.7/site-packages/sqlalchemy/pool/base.py", line 691, in __connect
    pool.logger.debug("Error on connect(): %s", e)
  File "/usr/local/lib/python3.7/site-packages/sqlalchemy/util/langhelpers.py", line 72, in __exit__
    with_traceback=exc_tb,
  File "/usr/local/lib/python3.7/site-packages/sqlalchemy/util/compat.py", line 211, in raise_
    raise exception
  File "/usr/local/lib/python3.7/site-packages/sqlalchemy/pool/base.py", line 686, in __connect
    self.dbapi_connection = connection = pool._invoke_creator(self)
  File "/usr/local/lib/python3.7/site-packages/sqlalchemy/engine/create.py", line 574, in connect
    return dialect.connect(*cargs, **cparams)
  File "/usr/local/lib/python3.7/site-packages/sqlalchemy/engine/default.py", line 598, in connect
    return self.dbapi.connect(*cargs, **cparams)
  File "/usr/local/lib/python3.7/site-packages/psycopg2/__init__.py", line 122, in connect
    conn = _connect(dsn, connection_factory=connection_factory, **kwasync)
sqlalchemy.exc.OperationalError: (psycopg2.OperationalError) connection to server at "postgres" (172.27.0.3), port 5432 failed: Connection refused
	Is the server running on that host and accepting TCP/IP connections?

(Background on this error at: https://sqlalche.me/e/14/e3q8)
