[2023-05-29T08:29:16.331+0000] {warnings.py:110} WARNING - /usr/local/lib/python3.7/site-packages/***/models/taskinstance.py:871: SAWarning: TypeDecorator ExecutorConfigType() will not produce a cache key because the ``cache_ok`` attribute is not set to True.  This can have significant performance implications including some performance degradations in comparison to prior SQLAlchemy versions.  Set this attribute to True if this type object's state is safe to use in a cache key, or False to disable this warning. (Background on this error at: https://sqlalche.me/e/14/cprf)
  ti: TaskInstance | None = qry.with_for_update().one_or_none()

[2023-05-29T08:29:16.427+0000] {taskinstance.py:1165} INFO - Dependencies all met for <TaskInstance: trungtran_process_data_1.trungtran_clean_data_11 manual__2023-05-29T08:28:04.038334+00:00 [queued]>
[2023-05-29T08:29:16.564+0000] {taskinstance.py:1165} INFO - Dependencies all met for <TaskInstance: trungtran_process_data_1.trungtran_clean_data_11 manual__2023-05-29T08:28:04.038334+00:00 [queued]>
[2023-05-29T08:29:16.565+0000] {taskinstance.py:1362} INFO - 
--------------------------------------------------------------------------------
[2023-05-29T08:29:16.566+0000] {taskinstance.py:1363} INFO - Starting attempt 2 of 2
[2023-05-29T08:29:16.567+0000] {taskinstance.py:1364} INFO - 
--------------------------------------------------------------------------------
[2023-05-29T08:29:16.698+0000] {taskinstance.py:1383} INFO - Executing <Task(SparkSubmitOperator): trungtran_clean_data_11> on 2023-05-29 08:28:04.038334+00:00
[2023-05-29T08:29:16.717+0000] {standard_task_runner.py:54} INFO - Started process 5870 to run task
[2023-05-29T08:29:16.732+0000] {standard_task_runner.py:82} INFO - Running: ['***', 'tasks', 'run', 'trungtran_process_data_1', 'trungtran_clean_data_11', 'manual__2023-05-29T08:28:04.038334+00:00', '--job-id', '4535', '--raw', '--subdir', 'DAGS_FOLDER/trungtran_process.py', '--cfg-path', '/tmp/tmp5ki6zu9n']
[2023-05-29T08:29:16.735+0000] {standard_task_runner.py:83} INFO - Job 4535: Subtask trungtran_clean_data_11
[2023-05-29T08:29:16.739+0000] {dagbag.py:525} INFO - Filling up the DagBag from /opt/***/dags/trungtran_process.py
[2023-05-29T08:29:17.165+0000] {task_command.py:384} INFO - Running <TaskInstance: trungtran_process_data_1.trungtran_clean_data_11 manual__2023-05-29T08:28:04.038334+00:00 [running]> on host d68e775f4ed7
[2023-05-29T08:29:17.178+0000] {warnings.py:110} WARNING - /usr/local/lib/python3.7/site-packages/***/models/taskinstance.py:873: SAWarning: TypeDecorator ExecutorConfigType() will not produce a cache key because the ``cache_ok`` attribute is not set to True.  This can have significant performance implications including some performance degradations in comparison to prior SQLAlchemy versions.  Set this attribute to True if this type object's state is safe to use in a cache key, or False to disable this warning. (Background on this error at: https://sqlalche.me/e/14/cprf)
  ti = qry.one_or_none()

[2023-05-29T08:29:17.529+0000] {taskinstance.py:1592} INFO - Exporting the following env vars:
AIRFLOW_CTX_DAG_EMAIL=pioneer22022001@gmail.com
AIRFLOW_CTX_DAG_OWNER=***
AIRFLOW_CTX_DAG_ID=trungtran_process_data_1
AIRFLOW_CTX_TASK_ID=trungtran_clean_data_11
AIRFLOW_CTX_EXECUTION_DATE=2023-05-29T08:28:04.038334+00:00
AIRFLOW_CTX_TRY_NUMBER=2
AIRFLOW_CTX_DAG_RUN_ID=manual__2023-05-29T08:28:04.038334+00:00
[2023-05-29T08:29:17.576+0000] {base.py:71} INFO - Using connection ID 'other_spark_local' for task execution.
[2023-05-29T08:29:17.581+0000] {spark_submit.py:339} INFO - Spark-Submit cmd: spark-submit --master spark://spark-master:7077 --conf spark.master=spark://spark-master:7077 --name trungtran_clean_data --verbose /opt/spark/app/process_trungtran.py
[2023-05-29T08:29:17.631+0000] {spark_submit.py:490} INFO - /opt/spark/bin/load-spark-env.sh: line 68: ps: command not found
[2023-05-29T08:29:21.830+0000] {warnings.py:110} WARNING - /usr/local/lib/python3.7/site-packages/***/models/taskinstance.py:873: SAWarning: TypeDecorator ExecutorConfigType() will not produce a cache key because the ``cache_ok`` attribute is not set to True.  This can have significant performance implications including some performance degradations in comparison to prior SQLAlchemy versions.  Set this attribute to True if this type object's state is safe to use in a cache key, or False to disable this warning. (Background on this error at: https://sqlalche.me/e/14/cprf)
  ti = qry.one_or_none()

[2023-05-29T08:29:22.235+0000] {spark_submit.py:490} INFO - Using properties file: null
[2023-05-29T08:29:22.756+0000] {spark_submit.py:490} INFO - Parsed arguments:
[2023-05-29T08:29:22.757+0000] {spark_submit.py:490} INFO - master                  spark://spark-master:7077
[2023-05-29T08:29:22.757+0000] {spark_submit.py:490} INFO - deployMode              null
[2023-05-29T08:29:22.758+0000] {spark_submit.py:490} INFO - executorMemory          null
[2023-05-29T08:29:22.758+0000] {spark_submit.py:490} INFO - executorCores           null
[2023-05-29T08:29:22.759+0000] {spark_submit.py:490} INFO - totalExecutorCores      null
[2023-05-29T08:29:22.760+0000] {spark_submit.py:490} INFO - propertiesFile          null
[2023-05-29T08:29:22.760+0000] {spark_submit.py:490} INFO - driverMemory            null
[2023-05-29T08:29:22.761+0000] {spark_submit.py:490} INFO - driverCores             null
[2023-05-29T08:29:22.761+0000] {spark_submit.py:490} INFO - driverExtraClassPath    null
[2023-05-29T08:29:22.762+0000] {spark_submit.py:490} INFO - driverExtraLibraryPath  null
[2023-05-29T08:29:22.762+0000] {spark_submit.py:490} INFO - driverExtraJavaOptions  null
[2023-05-29T08:29:22.763+0000] {spark_submit.py:490} INFO - supervise               false
[2023-05-29T08:29:22.763+0000] {spark_submit.py:490} INFO - queue                   null
[2023-05-29T08:29:22.764+0000] {spark_submit.py:490} INFO - numExecutors            null
[2023-05-29T08:29:22.764+0000] {spark_submit.py:490} INFO - files                   null
[2023-05-29T08:29:22.765+0000] {spark_submit.py:490} INFO - pyFiles                 null
[2023-05-29T08:29:22.765+0000] {spark_submit.py:490} INFO - archives                null
[2023-05-29T08:29:22.766+0000] {spark_submit.py:490} INFO - mainClass               null
[2023-05-29T08:29:22.767+0000] {spark_submit.py:490} INFO - primaryResource         file:/opt/spark/app/process_trungtran.py
[2023-05-29T08:29:22.767+0000] {spark_submit.py:490} INFO - name                    trungtran_clean_data
[2023-05-29T08:29:22.768+0000] {spark_submit.py:490} INFO - childArgs               []
[2023-05-29T08:29:22.768+0000] {spark_submit.py:490} INFO - jars                    null
[2023-05-29T08:29:22.769+0000] {spark_submit.py:490} INFO - packages                null
[2023-05-29T08:29:22.769+0000] {spark_submit.py:490} INFO - packagesExclusions      null
[2023-05-29T08:29:22.770+0000] {spark_submit.py:490} INFO - repositories            null
[2023-05-29T08:29:22.770+0000] {spark_submit.py:490} INFO - verbose                 true
[2023-05-29T08:29:22.771+0000] {spark_submit.py:490} INFO - 
[2023-05-29T08:29:22.771+0000] {spark_submit.py:490} INFO - Spark properties used, including those specified through
[2023-05-29T08:29:22.772+0000] {spark_submit.py:490} INFO - --conf and those from the properties file null:
[2023-05-29T08:29:22.772+0000] {spark_submit.py:490} INFO - (spark.master,spark://spark-master:7077)
[2023-05-29T08:29:22.773+0000] {spark_submit.py:490} INFO - 
[2023-05-29T08:29:22.774+0000] {spark_submit.py:490} INFO - 
[2023-05-29T08:29:23.792+0000] {spark_submit.py:490} INFO - Main class:
[2023-05-29T08:29:23.793+0000] {spark_submit.py:490} INFO - org.apache.spark.deploy.PythonRunner
[2023-05-29T08:29:23.793+0000] {spark_submit.py:490} INFO - Arguments:
[2023-05-29T08:29:23.794+0000] {spark_submit.py:490} INFO - file:/opt/spark/app/process_trungtran.py
[2023-05-29T08:29:23.795+0000] {spark_submit.py:490} INFO - null
[2023-05-29T08:29:23.801+0000] {spark_submit.py:490} INFO - Spark config:
[2023-05-29T08:29:23.801+0000] {spark_submit.py:490} INFO - (spark.app.name,trungtran_clean_data)
[2023-05-29T08:29:23.802+0000] {spark_submit.py:490} INFO - (spark.master,spark://spark-master:7077)
[2023-05-29T08:29:23.802+0000] {spark_submit.py:490} INFO - (spark.submit.pyFiles,)
[2023-05-29T08:29:23.802+0000] {spark_submit.py:490} INFO - (spark.submit.deployMode,client)
[2023-05-29T08:29:23.803+0000] {spark_submit.py:490} INFO - Classpath elements:
[2023-05-29T08:29:23.803+0000] {spark_submit.py:490} INFO - 
[2023-05-29T08:29:23.804+0000] {spark_submit.py:490} INFO - 
[2023-05-29T08:29:23.804+0000] {spark_submit.py:490} INFO - 
[2023-05-29T08:29:25.765+0000] {spark_submit.py:490} INFO - Using Spark's default log4j profile: org/apache/spark/log4j-defaults.properties
[2023-05-29T08:29:25.804+0000] {spark_submit.py:490} INFO - 23/05/29 08:29:25 INFO SparkContext: Running Spark version 3.2.3
[2023-05-29T08:29:26.408+0000] {spark_submit.py:490} INFO - 23/05/29 08:29:26 WARN NativeCodeLoader: Unable to load native-hadoop library for your platform... using builtin-java classes where applicable
[2023-05-29T08:29:26.751+0000] {spark_submit.py:490} INFO - 23/05/29 08:29:26 INFO ResourceUtils: ==============================================================
[2023-05-29T08:29:26.752+0000] {spark_submit.py:490} INFO - 23/05/29 08:29:26 INFO ResourceUtils: No custom resources configured for spark.driver.
[2023-05-29T08:29:26.753+0000] {spark_submit.py:490} INFO - 23/05/29 08:29:26 INFO ResourceUtils: ==============================================================
[2023-05-29T08:29:26.755+0000] {spark_submit.py:490} INFO - 23/05/29 08:29:26 INFO SparkContext: Submitted application: clean_data_trungtran
[2023-05-29T08:29:26.829+0000] {spark_submit.py:490} INFO - 23/05/29 08:29:26 INFO ResourceProfile: Default ResourceProfile created, executor resources: Map(cores -> name: cores, amount: 1, script: , vendor: , memory -> name: memory, amount: 1024, script: , vendor: , offHeap -> name: offHeap, amount: 0, script: , vendor: ), task resources: Map(cpus -> name: cpus, amount: 1.0)
[2023-05-29T08:29:26.868+0000] {spark_submit.py:490} INFO - 23/05/29 08:29:26 INFO ResourceProfile: Limiting resource is cpu
[2023-05-29T08:29:26.869+0000] {spark_submit.py:490} INFO - 23/05/29 08:29:26 INFO ResourceProfileManager: Added ResourceProfile id: 0
[2023-05-29T08:29:27.055+0000] {spark_submit.py:490} INFO - 23/05/29 08:29:27 INFO SecurityManager: Changing view acls to: ***
[2023-05-29T08:29:27.057+0000] {spark_submit.py:490} INFO - 23/05/29 08:29:27 INFO SecurityManager: Changing modify acls to: ***
[2023-05-29T08:29:27.059+0000] {spark_submit.py:490} INFO - 23/05/29 08:29:27 INFO SecurityManager: Changing view acls groups to:
[2023-05-29T08:29:27.060+0000] {spark_submit.py:490} INFO - 23/05/29 08:29:27 INFO SecurityManager: Changing modify acls groups to:
[2023-05-29T08:29:27.062+0000] {spark_submit.py:490} INFO - 23/05/29 08:29:27 INFO SecurityManager: SecurityManager: authentication disabled; ui acls disabled; users  with view permissions: Set(***); groups with view permissions: Set(); users  with modify permissions: Set(***); groups with modify permissions: Set()
[2023-05-29T08:29:27.889+0000] {spark_submit.py:490} INFO - 23/05/29 08:29:27 INFO Utils: Successfully started service 'sparkDriver' on port 45335.
[2023-05-29T08:29:27.962+0000] {spark_submit.py:490} INFO - 23/05/29 08:29:27 INFO SparkEnv: Registering MapOutputTracker
[2023-05-29T08:29:28.075+0000] {spark_submit.py:490} INFO - 23/05/29 08:29:28 INFO SparkEnv: Registering BlockManagerMaster
[2023-05-29T08:29:28.129+0000] {spark_submit.py:490} INFO - 23/05/29 08:29:28 INFO BlockManagerMasterEndpoint: Using org.apache.spark.storage.DefaultTopologyMapper for getting topology information
[2023-05-29T08:29:28.130+0000] {spark_submit.py:490} INFO - 23/05/29 08:29:28 INFO BlockManagerMasterEndpoint: BlockManagerMasterEndpoint up
[2023-05-29T08:29:28.139+0000] {spark_submit.py:490} INFO - 23/05/29 08:29:28 INFO SparkEnv: Registering BlockManagerMasterHeartbeat
[2023-05-29T08:29:28.191+0000] {spark_submit.py:490} INFO - 23/05/29 08:29:28 INFO DiskBlockManager: Created local directory at /tmp/blockmgr-0604b6ad-f648-40c0-b5ed-f93f6698d5ea
[2023-05-29T08:29:28.261+0000] {spark_submit.py:490} INFO - 23/05/29 08:29:28 INFO MemoryStore: MemoryStore started with capacity 366.3 MiB
[2023-05-29T08:29:28.312+0000] {spark_submit.py:490} INFO - 23/05/29 08:29:28 INFO SparkEnv: Registering OutputCommitCoordinator
[2023-05-29T08:29:29.022+0000] {spark_submit.py:490} INFO - 23/05/29 08:29:29 INFO Utils: Successfully started service 'SparkUI' on port 4040.
[2023-05-29T08:29:29.203+0000] {spark_submit.py:490} INFO - 23/05/29 08:29:29 INFO SparkUI: Bound SparkUI to 0.0.0.0, and started at http://d68e775f4ed7:4040
[2023-05-29T08:29:30.088+0000] {spark_submit.py:490} INFO - 23/05/29 08:29:30 INFO StandaloneAppClient$ClientEndpoint: Connecting to master spark://spark-master:7077...
[2023-05-29T08:29:30.250+0000] {spark_submit.py:490} INFO - 23/05/29 08:29:30 INFO TransportClientFactory: Successfully created connection to spark-master/172.27.0.2:7077 after 100 ms (0 ms spent in bootstraps)
[2023-05-29T08:29:30.619+0000] {spark_submit.py:490} INFO - 23/05/29 08:29:30 INFO StandaloneSchedulerBackend: Connected to Spark cluster with app ID app-20230529082930-0021
[2023-05-29T08:29:30.633+0000] {spark_submit.py:490} INFO - 23/05/29 08:29:30 INFO StandaloneAppClient$ClientEndpoint: Executor added: app-20230529082930-0021/0 on worker-20230529072513-172.27.0.3-7000 (172.27.0.3:7000) with 1 core(s)
[2023-05-29T08:29:30.643+0000] {spark_submit.py:490} INFO - 23/05/29 08:29:30 INFO StandaloneSchedulerBackend: Granted executor ID app-20230529082930-0021/0 on hostPort 172.27.0.3:7000 with 1 core(s), 1024.0 MiB RAM
[2023-05-29T08:29:30.652+0000] {spark_submit.py:490} INFO - 23/05/29 08:29:30 INFO Utils: Successfully started service 'org.apache.spark.network.netty.NettyBlockTransferService' on port 36745.
[2023-05-29T08:29:30.653+0000] {spark_submit.py:490} INFO - 23/05/29 08:29:30 INFO NettyBlockTransferService: Server created on d68e775f4ed7:36745
[2023-05-29T08:29:30.673+0000] {spark_submit.py:490} INFO - 23/05/29 08:29:30 INFO BlockManager: Using org.apache.spark.storage.RandomBlockReplicationPolicy for block replication policy
[2023-05-29T08:29:30.712+0000] {spark_submit.py:490} INFO - 23/05/29 08:29:30 INFO BlockManagerMaster: Registering BlockManager BlockManagerId(driver, d68e775f4ed7, 36745, None)
[2023-05-29T08:29:30.739+0000] {spark_submit.py:490} INFO - 23/05/29 08:29:30 INFO BlockManagerMasterEndpoint: Registering block manager d68e775f4ed7:36745 with 366.3 MiB RAM, BlockManagerId(driver, d68e775f4ed7, 36745, None)
[2023-05-29T08:29:30.750+0000] {spark_submit.py:490} INFO - 23/05/29 08:29:30 INFO StandaloneAppClient$ClientEndpoint: Executor updated: app-20230529082930-0021/0 is now RUNNING
[2023-05-29T08:29:30.756+0000] {spark_submit.py:490} INFO - 23/05/29 08:29:30 INFO BlockManagerMaster: Registered BlockManager BlockManagerId(driver, d68e775f4ed7, 36745, None)
[2023-05-29T08:29:30.762+0000] {spark_submit.py:490} INFO - 23/05/29 08:29:30 INFO BlockManager: Initialized BlockManager: BlockManagerId(driver, d68e775f4ed7, 36745, None)
[2023-05-29T08:29:31.845+0000] {spark_submit.py:490} INFO - 23/05/29 08:29:31 INFO StandaloneSchedulerBackend: SchedulerBackend is ready for scheduling beginning after reached minRegisteredResourcesRatio: 0.0
[2023-05-29T08:29:33.338+0000] {spark_submit.py:490} INFO - 23/05/29 08:29:33 INFO SharedState: Setting hive.metastore.warehouse.dir ('null') to the value of spark.sql.warehouse.dir.
[2023-05-29T08:29:33.440+0000] {spark_submit.py:490} INFO - 23/05/29 08:29:33 INFO SharedState: Warehouse path is 'file:/opt/***/spark-warehouse'.
[2023-05-29T08:29:37.989+0000] {spark_submit.py:490} INFO - /usr/local/lib/python3.7/site-packages/pyspark/sql/context.py:79: FutureWarning: Deprecated in 3.0.0. Use SparkSession.builder.getOrCreate() instead.
[2023-05-29T08:29:37.990+0000] {spark_submit.py:490} INFO - FutureWarning
[2023-05-29T08:29:38.777+0000] {spark_submit.py:490} INFO - 23/05/29 08:29:38 INFO InMemoryFileIndex: It took 129 ms to list leaf files for 1 paths.
[2023-05-29T08:29:42.233+0000] {spark_submit.py:490} INFO - 23/05/29 08:29:42 INFO CoarseGrainedSchedulerBackend$DriverEndpoint: Registered executor NettyRpcEndpointRef(spark-client://Executor) (172.27.0.3:50202) with ID 0,  ResourceProfileId 0
[2023-05-29T08:29:42.724+0000] {spark_submit.py:490} INFO - 23/05/29 08:29:42 INFO BlockManagerMasterEndpoint: Registering block manager 172.27.0.3:38119 with 366.3 MiB RAM, BlockManagerId(0, 172.27.0.3, 38119, None)
[2023-05-29T08:29:46.455+0000] {spark_submit.py:490} INFO - Traceback (most recent call last):
[2023-05-29T08:29:46.456+0000] {spark_submit.py:490} INFO - File "/opt/spark/app/process_trungtran.py", line 49, in <module>
[2023-05-29T08:29:46.456+0000] {spark_submit.py:490} INFO - df=df.withColumn(column, when(df[column].isNull(), df[column]).otherwise(trim(df[column])))
[2023-05-29T08:29:46.456+0000] {spark_submit.py:490} INFO - File "/usr/local/lib/python3.7/site-packages/pyspark/sql/dataframe.py", line 2478, in withColumn
[2023-05-29T08:29:46.458+0000] {spark_submit.py:490} INFO - return DataFrame(self._jdf.withColumn(colName, col._jc), self.sql_ctx)
[2023-05-29T08:29:46.458+0000] {spark_submit.py:490} INFO - File "/usr/local/lib/python3.7/site-packages/py4j/java_gateway.py", line 1322, in __call__
[2023-05-29T08:29:46.460+0000] {spark_submit.py:490} INFO - answer, self.gateway_client, self.target_id, self.name)
[2023-05-29T08:29:46.460+0000] {spark_submit.py:490} INFO - File "/usr/local/lib/python3.7/site-packages/pyspark/sql/utils.py", line 117, in deco
[2023-05-29T08:29:46.461+0000] {spark_submit.py:490} INFO - raise converted from None
[2023-05-29T08:29:46.473+0000] {spark_submit.py:490} INFO - pyspark.sql.utils.AnalysisException: Resolved attribute(s) Battery#0 missing from Battery#32,Brand,#1,CPU#2,Color#3,Display#4,Graphics#5,MFG_year#6,Name#7,OS#8,Price#9,Ram#10,Size#11,Storage#12,URL#13,Weight#14,Wireless#15 in operator !Project [CASE WHEN isnull(Battery#0) THEN Battery#0 ELSE trim(Battery#0, None) END AS Battery#49, Brand,#1, CPU#2, Color#3, Display#4, Graphics#5, MFG_year#6, Name#7, OS#8, Price#9, Ram#10, Size#11, Storage#12, URL#13, Weight#14, Wireless#15]. Attribute(s) with the same name appear in the operation: Battery. Please check if the right attribute(s) are used.;
[2023-05-29T08:29:46.474+0000] {spark_submit.py:490} INFO - !Project [CASE WHEN isnull(Battery#0) THEN Battery#0 ELSE trim(Battery#0, None) END AS Battery#49, Brand,#1, CPU#2, Color#3, Display#4, Graphics#5, MFG_year#6, Name#7, OS#8, Price#9, Ram#10, Size#11, Storage#12, URL#13, Weight#14, Wireless#15]
[2023-05-29T08:29:46.475+0000] {spark_submit.py:490} INFO - +- Project [CASE WHEN isnull(Battery#0) THEN Battery#0 ELSE regexp_replace(Battery#0, ^
[2023-05-29T08:29:46.475+0000] {spark_submit.py:490} INFO - , , 1) END AS Battery#32, Brand,#1, CPU#2, Color#3, Display#4, Graphics#5, MFG_year#6, Name#7, OS#8, Price#9, Ram#10, Size#11, Storage#12, URL#13, Weight#14, Wireless#15]
[2023-05-29T08:29:46.476+0000] {spark_submit.py:490} INFO - +- Filter NOT (Price#9 = Liên hệ)
[2023-05-29T08:29:46.476+0000] {spark_submit.py:490} INFO - +- Relation [Battery#0,Brand,#1,CPU#2,Color#3,Display#4,Graphics#5,MFG_year#6,Name#7,OS#8,Price#9,Ram#10,Size#11,Storage#12,URL#13,Weight#14,Wireless#15] csv
[2023-05-29T08:29:46.476+0000] {spark_submit.py:490} INFO - 
[2023-05-29T08:29:46.695+0000] {spark_submit.py:490} INFO - 23/05/29 08:29:46 INFO SparkContext: Invoking stop() from shutdown hook
[2023-05-29T08:29:46.732+0000] {spark_submit.py:490} INFO - 23/05/29 08:29:46 INFO SparkUI: Stopped Spark web UI at http://d68e775f4ed7:4040
[2023-05-29T08:29:46.748+0000] {spark_submit.py:490} INFO - 23/05/29 08:29:46 INFO StandaloneSchedulerBackend: Shutting down all executors
[2023-05-29T08:29:46.750+0000] {spark_submit.py:490} INFO - 23/05/29 08:29:46 INFO CoarseGrainedSchedulerBackend$DriverEndpoint: Asking each executor to shut down
[2023-05-29T08:29:46.842+0000] {spark_submit.py:490} INFO - 23/05/29 08:29:46 INFO MapOutputTrackerMasterEndpoint: MapOutputTrackerMasterEndpoint stopped!
[2023-05-29T08:29:46.905+0000] {spark_submit.py:490} INFO - 23/05/29 08:29:46 INFO MemoryStore: MemoryStore cleared
[2023-05-29T08:29:46.908+0000] {spark_submit.py:490} INFO - 23/05/29 08:29:46 INFO BlockManager: BlockManager stopped
[2023-05-29T08:29:46.944+0000] {spark_submit.py:490} INFO - 23/05/29 08:29:46 INFO BlockManagerMaster: BlockManagerMaster stopped
[2023-05-29T08:29:46.957+0000] {spark_submit.py:490} INFO - 23/05/29 08:29:46 INFO OutputCommitCoordinator$OutputCommitCoordinatorEndpoint: OutputCommitCoordinator stopped!
[2023-05-29T08:29:46.999+0000] {spark_submit.py:490} INFO - 23/05/29 08:29:46 INFO SparkContext: Successfully stopped SparkContext
[2023-05-29T08:29:47.001+0000] {spark_submit.py:490} INFO - 23/05/29 08:29:47 INFO ShutdownHookManager: Shutdown hook called
[2023-05-29T08:29:47.004+0000] {spark_submit.py:490} INFO - 23/05/29 08:29:47 INFO ShutdownHookManager: Deleting directory /tmp/spark-3d839cb0-69fd-4b85-8a02-1c82bd90b917/pyspark-9b2a16be-806d-4822-bcf2-0aa32749396c
[2023-05-29T08:29:47.033+0000] {spark_submit.py:490} INFO - 23/05/29 08:29:47 INFO ShutdownHookManager: Deleting directory /tmp/spark-917bf1ea-491a-4226-9a90-f29e98f6073c
[2023-05-29T08:29:47.086+0000] {spark_submit.py:490} INFO - 23/05/29 08:29:47 INFO ShutdownHookManager: Deleting directory /tmp/spark-3d839cb0-69fd-4b85-8a02-1c82bd90b917
[2023-05-29T08:29:47.287+0000] {warnings.py:110} WARNING - /usr/local/lib/python3.7/site-packages/***/models/taskinstance.py:871: SAWarning: TypeDecorator ExecutorConfigType() will not produce a cache key because the ``cache_ok`` attribute is not set to True.  This can have significant performance implications including some performance degradations in comparison to prior SQLAlchemy versions.  Set this attribute to True if this type object's state is safe to use in a cache key, or False to disable this warning. (Background on this error at: https://sqlalche.me/e/14/cprf)
  ti: TaskInstance | None = qry.with_for_update().one_or_none()

[2023-05-29T08:29:47.309+0000] {taskinstance.py:1851} ERROR - Task failed with exception
Traceback (most recent call last):
  File "/usr/local/lib/python3.7/site-packages/airflow/providers/apache/spark/operators/spark_submit.py", line 157, in execute
    self._hook.submit(self._application)
  File "/usr/local/lib/python3.7/site-packages/airflow/providers/apache/spark/hooks/spark_submit.py", line 422, in submit
    f"Cannot execute: {self._mask_cmd(spark_submit_cmd)}. Error code is: {returncode}."
airflow.exceptions.AirflowException: Cannot execute: spark-submit --master spark://spark-master:7077 --conf spark.master=spark://spark-master:7077 --name trungtran_clean_data --verbose /opt/spark/app/process_trungtran.py. Error code is: 1.
[2023-05-29T08:29:47.317+0000] {warnings.py:110} WARNING - /usr/local/lib/python3.7/site-packages/***/models/taskinstance.py:873: SAWarning: TypeDecorator ExecutorConfigType() will not produce a cache key because the ``cache_ok`` attribute is not set to True.  This can have significant performance implications including some performance degradations in comparison to prior SQLAlchemy versions.  Set this attribute to True if this type object's state is safe to use in a cache key, or False to disable this warning. (Background on this error at: https://sqlalche.me/e/14/cprf)
  ti = qry.one_or_none()

[2023-05-29T08:29:47.332+0000] {taskinstance.py:1406} INFO - Marking task as FAILED. dag_id=trungtran_process_data_1, task_id=trungtran_clean_data_11, execution_date=20230529T082804, start_date=20230529T082916, end_date=20230529T082947
[2023-05-29T08:29:47.393+0000] {warnings.py:110} WARNING - /usr/local/lib/python3.7/site-packages/***/utils/email.py:120: RemovedInAirflow3Warning: Fetching SMTP credentials from configuration variables will be deprecated in a future release. Please set credentials using a connection instead.
  send_mime_email(e_from=mail_from, e_to=recipients, mime_msg=msg, conn_id=conn_id, dryrun=dryrun)

[2023-05-29T08:29:47.394+0000] {configuration.py:569} WARNING - section/key [smtp/smtp_user] not found in config
[2023-05-29T08:29:47.395+0000] {email.py:229} INFO - Email alerting: attempt 1
[2023-05-29T08:29:47.416+0000] {configuration.py:569} WARNING - section/key [smtp/smtp_user] not found in config
[2023-05-29T08:29:47.417+0000] {email.py:229} INFO - Email alerting: attempt 1
[2023-05-29T08:29:47.419+0000] {taskinstance.py:1914} ERROR - Failed to send email to: ['pioneer22022001@gmail.com']
Traceback (most recent call last):
  File "/usr/local/lib/python3.7/site-packages/airflow/models/taskinstance.py", line 1457, in _run_raw_task
    self._execute_task_with_callbacks(context, test_mode)
  File "/usr/local/lib/python3.7/site-packages/airflow/models/taskinstance.py", line 1603, in _execute_task_with_callbacks
    result = self._execute_task(context, task_orig)
  File "/usr/local/lib/python3.7/site-packages/airflow/models/taskinstance.py", line 1664, in _execute_task
    result = execute_callable(context=context)
  File "/usr/local/lib/python3.7/site-packages/airflow/providers/apache/spark/operators/spark_submit.py", line 157, in execute
    self._hook.submit(self._application)
  File "/usr/local/lib/python3.7/site-packages/airflow/providers/apache/spark/hooks/spark_submit.py", line 422, in submit
    f"Cannot execute: {self._mask_cmd(spark_submit_cmd)}. Error code is: {returncode}."
airflow.exceptions.AirflowException: Cannot execute: spark-submit --master spark://spark-master:7077 --conf spark.master=spark://spark-master:7077 --name trungtran_clean_data --verbose /opt/spark/app/process_trungtran.py. Error code is: 1.

During handling of the above exception, another exception occurred:

Traceback (most recent call last):
  File "/usr/local/lib/python3.7/site-packages/airflow/models/taskinstance.py", line 2311, in email_alert
    send_email(task.email, subject, html_content)
  File "/usr/local/lib/python3.7/site-packages/airflow/utils/email.py", line 72, in send_email
    **kwargs,
  File "/usr/local/lib/python3.7/site-packages/airflow/utils/email.py", line 120, in send_email_smtp
    send_mime_email(e_from=mail_from, e_to=recipients, mime_msg=msg, conn_id=conn_id, dryrun=dryrun)
  File "/usr/local/lib/python3.7/site-packages/airflow/utils/email.py", line 231, in send_mime_email
    smtp_conn = _get_smtp_connection(smtp_host, smtp_port, smtp_timeout, smtp_ssl)
  File "/usr/local/lib/python3.7/site-packages/airflow/utils/email.py", line 265, in _get_smtp_connection
    else smtplib.SMTP(host=host, port=port, timeout=timeout)
  File "/usr/local/lib/python3.7/smtplib.py", line 251, in __init__
    (code, msg) = self.connect(host, port)
  File "/usr/local/lib/python3.7/smtplib.py", line 336, in connect
    self.sock = self._get_socket(host, port, self.timeout)
  File "/usr/local/lib/python3.7/smtplib.py", line 307, in _get_socket
    self.source_address)
  File "/usr/local/lib/python3.7/socket.py", line 728, in create_connection
    raise err
  File "/usr/local/lib/python3.7/socket.py", line 716, in create_connection
    sock.connect(sa)
OSError: [Errno 99] Cannot assign requested address

During handling of the above exception, another exception occurred:

Traceback (most recent call last):
  File "/usr/local/lib/python3.7/site-packages/airflow/models/taskinstance.py", line 1912, in handle_failure
    self.email_alert(error, task)
  File "/usr/local/lib/python3.7/site-packages/airflow/models/taskinstance.py", line 2313, in email_alert
    send_email(task.email, subject, html_content_err)
  File "/usr/local/lib/python3.7/site-packages/airflow/utils/email.py", line 72, in send_email
    **kwargs,
  File "/usr/local/lib/python3.7/site-packages/airflow/utils/email.py", line 120, in send_email_smtp
    send_mime_email(e_from=mail_from, e_to=recipients, mime_msg=msg, conn_id=conn_id, dryrun=dryrun)
  File "/usr/local/lib/python3.7/site-packages/airflow/utils/email.py", line 231, in send_mime_email
    smtp_conn = _get_smtp_connection(smtp_host, smtp_port, smtp_timeout, smtp_ssl)
  File "/usr/local/lib/python3.7/site-packages/airflow/utils/email.py", line 265, in _get_smtp_connection
    else smtplib.SMTP(host=host, port=port, timeout=timeout)
  File "/usr/local/lib/python3.7/smtplib.py", line 251, in __init__
    (code, msg) = self.connect(host, port)
  File "/usr/local/lib/python3.7/smtplib.py", line 336, in connect
    self.sock = self._get_socket(host, port, self.timeout)
  File "/usr/local/lib/python3.7/smtplib.py", line 307, in _get_socket
    self.source_address)
  File "/usr/local/lib/python3.7/socket.py", line 728, in create_connection
    raise err
  File "/usr/local/lib/python3.7/socket.py", line 716, in create_connection
    sock.connect(sa)
OSError: [Errno 99] Cannot assign requested address
[2023-05-29T08:29:47.468+0000] {standard_task_runner.py:107} ERROR - Failed to execute job 4535 for task trungtran_clean_data_11 (Cannot execute: spark-submit --master spark://spark-master:7077 --conf spark.master=spark://spark-master:7077 --name trungtran_clean_data --verbose /opt/spark/app/process_trungtran.py. Error code is: 1.; 5870)
[2023-05-29T08:29:47.500+0000] {local_task_job.py:164} INFO - Task exited with return code 1
[2023-05-29T08:29:47.598+0000] {local_task_job.py:273} INFO - 0 downstream tasks scheduled from follow-on schedule check
